db-service.yaml
api-service.yaml
api-audit-service.yaml
ui-service.yaml
db-deployment.yaml
chat-ops-collector-deployment.yaml
bitbucket-collector-deployment.yaml
bamboo-build-collector-deployment.yaml
artifactory-artifact-collector-deployment.yaml
appdynamics-collector-deployment.yaml
api-deployment.yaml
api-audit-deployment.yaml
jenkins-codequality-collector-deployment.yaml
jenkins-build-collector-deployment.yaml
hpsm-cmdb-collector-deployment.yaml
gitlab-scm-collector-deployment.yaml
gitlab-feature-collector-deployment.yaml
github-graphql-collector-deployment.yaml
github-collector-deployment.yaml
db-setup-deployment.yaml
db-data-persistentvolumeclaim.yaml
xldeploy-collector-deployment.yaml
versionone-collector-deployment.yaml
ui-deployment.yaml
udeploy-collector-deployment.yaml
subversion-collector-deployment.yaml
sonar-codequality-collector-deployment.yaml
score-collector-deployment.yaml
nexus-iq-collector-deployment.yaml
jira-collector-deployment.yaml
jenkins-cucumber-test-collector-deployment.yaml
